$ next build
⚠ Warning: Next.js inferred your workspace root, but it may not be correct.
 We detected multiple lockfiles and selected the directory of D:\Users\sebas\Desktop\dossier THEO\package-lock.json as the root directory.
 To silence this warning, set `turbopack.root` in your Next.js config, or consider removing one of the lockfiles if it's not needed.
   See https://nextjs.org/docs/app/api-reference/config/next-config-js/turbopack#root-directory for more information.
 Detected additional lockfiles: 
   * D:\Users\sebas\Desktop\dossier THEO\wikibible\bun.lock

▲ Next.js 16.1.1 (Turbopack)
- Environments: .env.local

  Creating an optimized production build ...
✓ Compiled successfully in 4.2s
  Running TypeScript ...
  Collecting page data using 5 workers ...
  Generating static pages using 5 workers (0/13) ...
  Generating static pages using 5 workers (3/13) 
  Generating static pages using 5 workers (6/13) 
  Generating static pages using 5 workers (9/13) 
✓ Generating static pages using 5 workers (13/13) in 583.3ms
  Finalizing page optimization ...

Route (app)
┌ ƒ /
├ ƒ /_not-found
├ ƒ /apocrypha
├ ƒ /apocrypha/[slug]
├ ƒ /auth/callback
├ ƒ /auth/login
├ ƒ /auth/register
├ ƒ /bible
├ ƒ /bible/[bookId]/[chapter]
├ ƒ /classement
├ ƒ /mentions-legales
├ ƒ /profil
├ ƒ /profil/dashboard
├ ƒ /wiki
├ ƒ /wiki/[slug]
├ ƒ /wiki/[slug]/edit
└ ƒ /wiki/new


ƒ Proxy (Middleware)

ƒ  (Dynamic)  server-rendered on demand

